<?xml version="1.0" encoding="UTF-8"?>
<testsuite xmlns:xsi="http://www.w3.org/2001/XMLSchema-instance" xsi:noNamespaceSchemaLocation="https://maven.apache.org/surefire/maven-surefire-plugin/xsd/surefire-test-report-3.0.xsd" version="3.0" name="com.nba.nba_zone.NbaZoneApplicationTests" time="5.108" tests="1" errors="0" skipped="0" failures="0">
  <properties>
[...]
</properties>
  <testcase name="contextLoads" classname="com.nba.nba_zone.NbaZoneApplicationTests" time="0.431">
    <system-out><![CDATA[16:10:35.569 [main] INFO org.springframework.test.context.support.AnnotationConfigContextLoaderUtils -- Could not detect default configuration classes for test class [com.nba.nba_zone.NbaZoneApplicationTests]: NbaZoneApplicationTests does not declare any static, non-private, non-final, nested classes annotated with @Configuration.
16:10:35.679 [main] INFO org.springframework.boot.test.context.SpringBootTestContextBootstrapper -- Found @SpringBootConfiguration com.nba.nba_zone.NbaZoneApplication for test class com.nba.nba_zone.NbaZoneApplicationTests

  .   ____          _            __ _ _
 /\\ / ___'_ __ _ _(_)_ __  __ _ \ \ \ \
( ( )\___ | '_ | '_| | '_ \/ _` | \ \ \ \
 \\/  ___)| |_)| | | | | || (_| |  ) ) ) )
  '  |____| .__|_| |_|_| |_\__, | / / / /
 =========|_|==============|___/=/_/_/_/

 :: Spring Boot ::                (v3.3.2)

2024-08-20T16:10:36.089-05:00  INFO 32948 --- [           main] c.nba.nba_zone.NbaZoneApplicationTests   : Starting NbaZoneApplicationTests using Java 18.0.1.1 with PID 32948 (started by anish in C:\Users\anish\OneDrive\Documents\Coding\nba-zone)
2024-08-20T16:10:36.090-05:00  INFO 32948 --- [           main] c.nba.nba_zone.NbaZoneApplicationTests   : No active profile set, falling back to 1 default profile: "default"
2024-08-20T16:10:36.728-05:00  INFO 32948 --- [           main] .s.d.r.c.RepositoryConfigurationDelegate : Bootstrapping Spring Data JPA repositories in DEFAULT mode.
2024-08-20T16:10:36.798-05:00  INFO 32948 --- [           main] .s.d.r.c.RepositoryConfigurationDelegate : Finished Spring Data repository scanning in 59 ms. Found 1 JPA repository interface.
2024-08-20T16:10:37.339-05:00  INFO 32948 --- [           main] o.hibernate.jpa.internal.util.LogHelper  : HHH000204: Processing PersistenceUnitInfo [name: default]
2024-08-20T16:10:37.411-05:00  INFO 32948 --- [           main] org.hibernate.Version                    : HHH000412: Hibernate ORM core version 6.5.2.Final
2024-08-20T16:10:37.449-05:00  INFO 32948 --- [           main] o.h.c.internal.RegionFactoryInitiator    : HHH000026: Second-level cache disabled
2024-08-20T16:10:37.846-05:00  INFO 32948 --- [           main] o.s.o.j.p.SpringPersistenceUnitInfo      : No LoadTimeWeaver setup: ignoring JPA class transformer
2024-08-20T16:10:37.884-05:00  INFO 32948 --- [           main] com.zaxxer.hikari.HikariDataSource       : HikariPool-1 - Starting...
2024-08-20T16:10:38.099-05:00  INFO 32948 --- [           main] com.zaxxer.hikari.pool.HikariPool        : HikariPool-1 - Added connection org.postgresql.jdbc.PgConnection@11d2714a
2024-08-20T16:10:38.101-05:00  INFO 32948 --- [           main] com.zaxxer.hikari.HikariDataSource       : HikariPool-1 - Start completed.
2024-08-20T16:10:38.151-05:00  WARN 32948 --- [           main] org.hibernate.orm.deprecation            : HHH90000025: PostgreSQLDialect does not need to be specified explicitly using 'hibernate.dialect' (remove the property setting and it will be selected by default)
2024-08-20T16:10:38.974-05:00  INFO 32948 --- [           main] o.h.e.t.j.p.i.JtaPlatformInitiator       : HHH000489: No JTA platform available (set 'hibernate.transaction.jta.platform' to enable JTA platform integration)
2024-08-20T16:10:39.036-05:00  INFO 32948 --- [           main] j.LocalContainerEntityManagerFactoryBean : Initialized JPA EntityManagerFactory for persistence unit 'default'
2024-08-20T16:10:39.644-05:00  WARN 32948 --- [           main] JpaBaseConfiguration$JpaWebConfiguration : spring.jpa.open-in-view is enabled by default. Therefore, database queries may be performed during view rendering. Explicitly configure spring.jpa.open-in-view to disable this warning
2024-08-20T16:10:40.057-05:00  INFO 32948 --- [           main] c.nba.nba_zone.NbaZoneApplicationTests   : Started NbaZoneApplicationTests in 4.224 seconds (process running for 5.108)
]]></system-out>
  </testcase>
</testsuite>